/!\ FAILSAFE /!\  Sat Jul 06 02:08:54 +0530 2013
  Status: 500 Internal Server Error
  Access denied for user 'root'@'localhost' (using password: NO)
    /usr/lib/ruby/vendor_ruby/active_record/connection_adapters/mysql_adapter.rb:620:in `real_connect'
    /usr/lib/ruby/vendor_ruby/active_record/connection_adapters/mysql_adapter.rb:620:in `connect'
    /usr/lib/ruby/vendor_ruby/active_record/connection_adapters/mysql_adapter.rb:203:in `initialize'
    /usr/lib/ruby/vendor_ruby/active_record/connection_adapters/mysql_adapter.rb:75:in `new'
    /usr/lib/ruby/vendor_ruby/active_record/connection_adapters/mysql_adapter.rb:75:in `mysql_connection'
    /usr/lib/ruby/vendor_ruby/active_record/connection_adapters/abstract/connection_pool.rb:223:in `send'
    /usr/lib/ruby/vendor_ruby/active_record/connection_adapters/abstract/connection_pool.rb:223:in `new_connection'
    /usr/lib/ruby/vendor_ruby/active_record/connection_adapters/abstract/connection_pool.rb:245:in `checkout_new_connection'
    /usr/lib/ruby/vendor_ruby/active_record/connection_adapters/abstract/connection_pool.rb:188:in `checkout'
    /usr/lib/ruby/vendor_ruby/active_record/connection_adapters/abstract/connection_pool.rb:184:in `loop'
    /usr/lib/ruby/vendor_ruby/active_record/connection_adapters/abstract/connection_pool.rb:184:in `checkout'
    /usr/lib/ruby/1.8/monitor.rb:242:in `synchronize'
    /usr/lib/ruby/vendor_ruby/active_record/connection_adapters/abstract/connection_pool.rb:183:in `checkout'
    /usr/lib/ruby/vendor_ruby/active_record/connection_adapters/abstract/connection_pool.rb:98:in `connection'
    /usr/lib/ruby/vendor_ruby/active_record/connection_adapters/abstract/connection_pool.rb:326:in `retrieve_connection'
    /usr/lib/ruby/vendor_ruby/active_record/connection_adapters/abstract/connection_specification.rb:117:in `retrieve_connection'
    /usr/lib/ruby/vendor_ruby/active_record/connection_adapters/abstract/connection_specification.rb:109:in `connection'
    /usr/lib/ruby/vendor_ruby/active_record/query_cache.rb:9:in `cache'
    /usr/lib/ruby/vendor_ruby/active_record/query_cache.rb:28:in `call'
    /usr/lib/ruby/vendor_ruby/active_record/connection_adapters/abstract/connection_pool.rb:361:in `call'
    /usr/lib/ruby/vendor_ruby/action_controller/string_coercion.rb:25:in `call'
    /usr/lib/ruby/vendor_ruby/rack/head.rb:9:in `call'
    /usr/lib/ruby/vendor_ruby/rack/methodoverride.rb:24:in `call'
    /usr/lib/ruby/vendor_ruby/action_controller/params_parser.rb:15:in `call'
    /usr/lib/ruby/vendor_ruby/action_controller/session/cookie_store.rb:99:in `call'
    /usr/lib/ruby/vendor_ruby/action_controller/failsafe.rb:26:in `call'
    /usr/lib/ruby/vendor_ruby/rack/lock.rb:15:in `call'
    /usr/lib/ruby/vendor_ruby/action_controller/dispatcher.rb:114:in `call'
    /usr/lib/ruby/vendor_ruby/action_controller/reloader.rb:34:in `run'
    /usr/lib/ruby/vendor_ruby/action_controller/dispatcher.rb:108:in `call'
    /usr/lib/ruby/vendor_ruby/rails/rack/static.rb:31:in `call'
    /usr/lib/ruby/vendor_ruby/rack/urlmap.rb:52:in `call'
    /usr/lib/ruby/vendor_ruby/rack/urlmap.rb:46:in `each'
    /usr/lib/ruby/vendor_ruby/rack/urlmap.rb:46:in `call'
    /usr/lib/ruby/vendor_ruby/rails/rack/log_tailer.rb:17:in `call'
    /usr/lib/ruby/vendor_ruby/rack/handler/webrick.rb:59:in `service'
    /usr/lib/ruby/1.8/webrick/httpserver.rb:104:in `service'
    /usr/lib/ruby/1.8/webrick/httpserver.rb:65:in `run'
    /usr/lib/ruby/1.8/webrick/server.rb:173:in `start_thread'
    /usr/lib/ruby/1.8/webrick/server.rb:162:in `start'
    /usr/lib/ruby/1.8/webrick/server.rb:162:in `start_thread'
    /usr/lib/ruby/1.8/webrick/server.rb:95:in `start'
    /usr/lib/ruby/1.8/webrick/server.rb:92:in `each'
    /usr/lib/ruby/1.8/webrick/server.rb:92:in `start'
    /usr/lib/ruby/1.8/webrick/server.rb:23:in `start'
    /usr/lib/ruby/1.8/webrick/server.rb:82:in `start'
    /usr/lib/ruby/vendor_ruby/rack/handler/webrick.rb:13:in `run'
    /home/amit/workspace/rubyonrails/cookbook/vendor/rails/railties/lib/commands/server.rb:111
    /usr/lib/ruby/vendor_ruby/1.8/rubygems/custom_require.rb:36:in `gem_original_require'
    /usr/lib/ruby/vendor_ruby/1.8/rubygems/custom_require.rb:36:in `require'
    script/server:3
/!\ FAILSAFE /!\  Sat Jul 06 02:17:19 +0530 2013
  Status: 500 Internal Server Error
  Access denied for user 'root'@'localhost' (using password: NO)
    /usr/lib/ruby/vendor_ruby/active_record/connection_adapters/mysql_adapter.rb:620:in `real_connect'
    /usr/lib/ruby/vendor_ruby/active_record/connection_adapters/mysql_adapter.rb:620:in `connect'
    /usr/lib/ruby/vendor_ruby/active_record/connection_adapters/mysql_adapter.rb:203:in `initialize'
    /usr/lib/ruby/vendor_ruby/active_record/connection_adapters/mysql_adapter.rb:75:in `new'
    /usr/lib/ruby/vendor_ruby/active_record/connection_adapters/mysql_adapter.rb:75:in `mysql_connection'
    /usr/lib/ruby/vendor_ruby/active_record/connection_adapters/abstract/connection_pool.rb:223:in `send'
    /usr/lib/ruby/vendor_ruby/active_record/connection_adapters/abstract/connection_pool.rb:223:in `new_connection'
    /usr/lib/ruby/vendor_ruby/active_record/connection_adapters/abstract/connection_pool.rb:245:in `checkout_new_connection'
    /usr/lib/ruby/vendor_ruby/active_record/connection_adapters/abstract/connection_pool.rb:188:in `checkout'
    /usr/lib/ruby/vendor_ruby/active_record/connection_adapters/abstract/connection_pool.rb:184:in `loop'
    /usr/lib/ruby/vendor_ruby/active_record/connection_adapters/abstract/connection_pool.rb:184:in `checkout'
    /usr/lib/ruby/1.8/monitor.rb:242:in `synchronize'
    /usr/lib/ruby/vendor_ruby/active_record/connection_adapters/abstract/connection_pool.rb:183:in `checkout'
    /usr/lib/ruby/vendor_ruby/active_record/connection_adapters/abstract/connection_pool.rb:98:in `connection'
    /usr/lib/ruby/vendor_ruby/active_record/connection_adapters/abstract/connection_pool.rb:326:in `retrieve_connection'
    /usr/lib/ruby/vendor_ruby/active_record/connection_adapters/abstract/connection_specification.rb:117:in `retrieve_connection'
    /usr/lib/ruby/vendor_ruby/active_record/connection_adapters/abstract/connection_specification.rb:109:in `connection'
    /usr/lib/ruby/vendor_ruby/active_record/query_cache.rb:9:in `cache'
    /usr/lib/ruby/vendor_ruby/active_record/query_cache.rb:28:in `call'
    /usr/lib/ruby/vendor_ruby/active_record/connection_adapters/abstract/connection_pool.rb:361:in `call'
    /usr/lib/ruby/vendor_ruby/action_controller/string_coercion.rb:25:in `call'
    /usr/lib/ruby/vendor_ruby/rack/head.rb:9:in `call'
    /usr/lib/ruby/vendor_ruby/rack/methodoverride.rb:24:in `call'
    /usr/lib/ruby/vendor_ruby/action_controller/params_parser.rb:15:in `call'
    /usr/lib/ruby/vendor_ruby/action_controller/session/cookie_store.rb:99:in `call'
    /usr/lib/ruby/vendor_ruby/action_controller/failsafe.rb:26:in `call'
    /usr/lib/ruby/vendor_ruby/rack/lock.rb:15:in `call'
    /usr/lib/ruby/vendor_ruby/action_controller/dispatcher.rb:114:in `call'
    /usr/lib/ruby/vendor_ruby/action_controller/reloader.rb:34:in `run'
    /usr/lib/ruby/vendor_ruby/action_controller/dispatcher.rb:108:in `call'
    /usr/lib/ruby/vendor_ruby/rails/rack/static.rb:31:in `call'
    /usr/lib/ruby/vendor_ruby/rack/urlmap.rb:52:in `call'
    /usr/lib/ruby/vendor_ruby/rack/urlmap.rb:46:in `each'
    /usr/lib/ruby/vendor_ruby/rack/urlmap.rb:46:in `call'
    /usr/lib/ruby/vendor_ruby/rails/rack/log_tailer.rb:17:in `call'
    /usr/lib/ruby/vendor_ruby/rack/handler/webrick.rb:59:in `service'
    /usr/lib/ruby/1.8/webrick/httpserver.rb:104:in `service'
    /usr/lib/ruby/1.8/webrick/httpserver.rb:65:in `run'
    /usr/lib/ruby/1.8/webrick/server.rb:173:in `start_thread'
    /usr/lib/ruby/1.8/webrick/server.rb:162:in `start'
    /usr/lib/ruby/1.8/webrick/server.rb:162:in `start_thread'
    /usr/lib/ruby/1.8/webrick/server.rb:95:in `start'
    /usr/lib/ruby/1.8/webrick/server.rb:92:in `each'
    /usr/lib/ruby/1.8/webrick/server.rb:92:in `start'
    /usr/lib/ruby/1.8/webrick/server.rb:23:in `start'
    /usr/lib/ruby/1.8/webrick/server.rb:82:in `start'
    /usr/lib/ruby/vendor_ruby/rack/handler/webrick.rb:13:in `run'
    /home/amit/workspace/rubyonrails/cookbook/vendor/rails/railties/lib/commands/server.rb:111
    /usr/lib/ruby/vendor_ruby/1.8/rubygems/custom_require.rb:36:in `gem_original_require'
    /usr/lib/ruby/vendor_ruby/1.8/rubygems/custom_require.rb:36:in `require'
    script/server:3
/!\ FAILSAFE /!\  Sat Jul 06 02:17:30 +0530 2013
  Status: 500 Internal Server Error
  Access denied for user 'root'@'localhost' (using password: NO)
    /usr/lib/ruby/vendor_ruby/active_record/connection_adapters/mysql_adapter.rb:620:in `real_connect'
    /usr/lib/ruby/vendor_ruby/active_record/connection_adapters/mysql_adapter.rb:620:in `connect'
    /usr/lib/ruby/vendor_ruby/active_record/connection_adapters/mysql_adapter.rb:203:in `initialize'
    /usr/lib/ruby/vendor_ruby/active_record/connection_adapters/mysql_adapter.rb:75:in `new'
    /usr/lib/ruby/vendor_ruby/active_record/connection_adapters/mysql_adapter.rb:75:in `mysql_connection'
    /usr/lib/ruby/vendor_ruby/active_record/connection_adapters/abstract/connection_pool.rb:223:in `send'
    /usr/lib/ruby/vendor_ruby/active_record/connection_adapters/abstract/connection_pool.rb:223:in `new_connection'
    /usr/lib/ruby/vendor_ruby/active_record/connection_adapters/abstract/connection_pool.rb:245:in `checkout_new_connection'
    /usr/lib/ruby/vendor_ruby/active_record/connection_adapters/abstract/connection_pool.rb:188:in `checkout'
    /usr/lib/ruby/vendor_ruby/active_record/connection_adapters/abstract/connection_pool.rb:184:in `loop'
    /usr/lib/ruby/vendor_ruby/active_record/connection_adapters/abstract/connection_pool.rb:184:in `checkout'
    /usr/lib/ruby/1.8/monitor.rb:242:in `synchronize'
    /usr/lib/ruby/vendor_ruby/active_record/connection_adapters/abstract/connection_pool.rb:183:in `checkout'
    /usr/lib/ruby/vendor_ruby/active_record/connection_adapters/abstract/connection_pool.rb:98:in `connection'
    /usr/lib/ruby/vendor_ruby/active_record/connection_adapters/abstract/connection_pool.rb:326:in `retrieve_connection'
    /usr/lib/ruby/vendor_ruby/active_record/connection_adapters/abstract/connection_specification.rb:117:in `retrieve_connection'
    /usr/lib/ruby/vendor_ruby/active_record/connection_adapters/abstract/connection_specification.rb:109:in `connection'
    /usr/lib/ruby/vendor_ruby/active_record/query_cache.rb:9:in `cache'
    /usr/lib/ruby/vendor_ruby/active_record/query_cache.rb:28:in `call'
    /usr/lib/ruby/vendor_ruby/active_record/connection_adapters/abstract/connection_pool.rb:361:in `call'
    /usr/lib/ruby/vendor_ruby/action_controller/string_coercion.rb:25:in `call'
    /usr/lib/ruby/vendor_ruby/rack/head.rb:9:in `call'
    /usr/lib/ruby/vendor_ruby/rack/methodoverride.rb:24:in `call'
    /usr/lib/ruby/vendor_ruby/action_controller/params_parser.rb:15:in `call'
    /usr/lib/ruby/vendor_ruby/action_controller/session/cookie_store.rb:99:in `call'
    /usr/lib/ruby/vendor_ruby/action_controller/failsafe.rb:26:in `call'
    /usr/lib/ruby/vendor_ruby/rack/lock.rb:15:in `call'
    /usr/lib/ruby/vendor_ruby/action_controller/dispatcher.rb:114:in `call'
    /usr/lib/ruby/vendor_ruby/action_controller/reloader.rb:34:in `run'
    /usr/lib/ruby/vendor_ruby/action_controller/dispatcher.rb:108:in `call'
    /usr/lib/ruby/vendor_ruby/rails/rack/static.rb:31:in `call'
    /usr/lib/ruby/vendor_ruby/rack/urlmap.rb:52:in `call'
    /usr/lib/ruby/vendor_ruby/rack/urlmap.rb:46:in `each'
    /usr/lib/ruby/vendor_ruby/rack/urlmap.rb:46:in `call'
    /usr/lib/ruby/vendor_ruby/rails/rack/log_tailer.rb:17:in `call'
    /usr/lib/ruby/vendor_ruby/rack/handler/webrick.rb:59:in `service'
    /usr/lib/ruby/1.8/webrick/httpserver.rb:104:in `service'
    /usr/lib/ruby/1.8/webrick/httpserver.rb:65:in `run'
    /usr/lib/ruby/1.8/webrick/server.rb:173:in `start_thread'
    /usr/lib/ruby/1.8/webrick/server.rb:162:in `start'
    /usr/lib/ruby/1.8/webrick/server.rb:162:in `start_thread'
    /usr/lib/ruby/1.8/webrick/server.rb:95:in `start'
    /usr/lib/ruby/1.8/webrick/server.rb:92:in `each'
    /usr/lib/ruby/1.8/webrick/server.rb:92:in `start'
    /usr/lib/ruby/1.8/webrick/server.rb:23:in `start'
    /usr/lib/ruby/1.8/webrick/server.rb:82:in `start'
    /usr/lib/ruby/vendor_ruby/rack/handler/webrick.rb:13:in `run'
    /home/amit/workspace/rubyonrails/cookbook/vendor/rails/railties/lib/commands/server.rb:111
    /usr/lib/ruby/vendor_ruby/1.8/rubygems/custom_require.rb:36:in `gem_original_require'
    /usr/lib/ruby/vendor_ruby/1.8/rubygems/custom_require.rb:36:in `require'
    script/server:3
